<?xml version="1.0" encoding="UTF-8"?>
<!-- Generated by org.testng.reporters.JUnitReportReporter -->
<testsuite skipped="0" hostname="DESKTOP-G33UR62" name="com.training.sanity.tests.UNF_011" tests="1" failures="0" timestamp="2020-08-25T02:03:42 IST" time="14.780" errors="0">
  <testcase name="validLoginTest" time="14.780" classname="com.training.sanity.tests.UNF_011"/>
  <system-out/>
</testsuite> <!-- com.training.sanity.tests.UNF_011 -->
