<?xml version="1.0" encoding="UTF-8"?>
<!-- Generated by org.testng.reporters.JUnitReportReporter -->
<testsuite skipped="0" hostname="DESKTOP-G33UR62" name="com.training.sanity.tests.UNF_010" tests="1" failures="0" timestamp="2020-08-20T01:44:35 IST" time="12.874" errors="0">
  <testcase name="validLoginTest" time="12.874" classname="com.training.sanity.tests.UNF_010"/>
  <system-out/>
</testsuite> <!-- com.training.sanity.tests.UNF_010 -->
