<?xml version="1.0" encoding="UTF-8"?>
<!-- Generated by org.testng.reporters.JUnitReportReporter -->
<testsuite skipped="0" hostname="DESKTOP-G33UR62" name="com.training.sanity.tests.LoginTests" tests="1" failures="0" timestamp="2020-08-19T08:53:54 IST" time="15.362" errors="0">
  <testcase name="validLoginTest" time="15.362" classname="com.training.sanity.tests.LoginTests"/>
  <system-out/>
</testsuite> <!-- com.training.sanity.tests.LoginTests -->
